This is pdfTeX, Version 3.14159265-2.6-1.40.20 (TeX Live 2019/Debian) (preloaded format=pdflatex 2021.10.19)  28 OCT 2021 13:41
entering extended mode
 restricted \write18 enabled.
 file:line:error style messages enabled.
 %&-line parsing enabled.
**/home/bruno/git/Wissenschaftliches-Arbeiten/hauptarbeit.tex
(/home/bruno/git/Wissenschaftliches-Arbeiten/hauptarbeit.tex
LaTeX2e <2020-02-02> patch level 2
L3 programming layer <2020-02-14> (/home/bruno/git/Wissenschaftliches-Arbeiten/header.tex (/usr/share/texlive/texmf-dist/tex/latex/koma-script/scrartcl.cls
Document Class: scrartcl 2020/01/24 v3.29 KOMA-Script document class (article)
(/usr/share/texlive/texmf-dist/tex/latex/koma-script/scrkbase.sty
Package: scrkbase 2020/01/24 v3.29 KOMA-Script package (KOMA-Script-dependent basics and keyval usage)
 (/usr/share/texlive/texmf-dist/tex/latex/koma-script/scrbase.sty
Package: scrbase 2020/01/24 v3.29 KOMA-Script package (KOMA-Script-independent basics and keyval usage)
 (/usr/share/texlive/texmf-dist/tex/latex/graphics/keyval.sty
Package: keyval 2014/10/28 v1.15 key=value parser (DPC)
\KV@toks@=\toks14
) (/usr/share/texlive/texmf-dist/tex/latex/koma-script/scrlfile.sty
Package: scrlfile 2020/01/24 v3.29 KOMA-Script package (loading files)
))) (/usr/share/texlive/texmf-dist/tex/latex/koma-script/tocbasic.sty
Package: tocbasic 2020/01/24 v3.29 KOMA-Script package (handling toc-files)
\scr@dte@tocline@numberwidth=\skip47
\scr@dte@tocline@numbox=\box45
)
Package tocbasic Info: omitting babel extension for `toc'
(tocbasic)             because of feature `nobabel' available
(tocbasic)             for `toc' on input line 137.
Class scrartcl Info: File `scrsize11pt.clo' used instead of
(scrartcl)           file `scrsize11.clo' to setup font sizes on input line 2212.
 (/usr/share/texlive/texmf-dist/tex/latex/koma-script/scrsize11pt.clo
File: scrsize11pt.clo 2020/01/24 v3.29 KOMA-Script font size class option (11pt)
) (/usr/share/texlive/texmf-dist/tex/latex/koma-script/typearea.sty
Package: typearea 2020/01/24 v3.29 KOMA-Script package (type area)
\ta@bcor=\skip48
\ta@div=\count167
Package typearea Info: You've used standard option `pdftex'.
(typearea)             This is correct!
(typearea)             Internally I'm using `pagesize=pdftex'.
(typearea)             If you'd like to set the option with \KOMAoptions,
(typearea)             you'd have to use `pagesize=pdftex' there
(typearea)             instead of `pdftex', too.
Package typearea Info: You've used standard option `a4paper'.
(typearea)             This is correct!
(typearea)             Internally I'm using `paper=a4'.
(typearea)             If you'd like to set the option with \KOMAoptions,
(typearea)             you'd have to use `paper=a4' there
(typearea)             instead of `a4paper', too.
\ta@hblk=\skip49
\ta@vblk=\skip50
\ta@temp=\skip51
\footheight=\skip52
Package typearea Info: These are the values describing the layout:
(typearea)             DIV  = 10
(typearea)             BCOR = 0.0pt
(typearea)             \paperwidth      = 597.50793pt
(typearea)              \textwidth      = 418.25555pt
(typearea)              DIV departure   = -6%
(typearea)              \evensidemargin = 17.3562pt
(typearea)              \oddsidemargin  = 17.3562pt
(typearea)             \paperheight     = 845.04694pt
(typearea)              \textheight     = 595.80026pt
(typearea)              \topmargin      = -25.16531pt
(typearea)              \headheight     = 17.0pt
(typearea)              \headsep        = 20.40001pt
(typearea)              \topskip        = 11.0pt
(typearea)              \footskip       = 47.6pt
(typearea)              \baselineskip   = 13.6pt
(typearea)              on input line 1719.
)
\c@part=\count168
\c@section=\count169
\c@subsection=\count170
\c@subsubsection=\count171
\c@paragraph=\count172
\c@subparagraph=\count173
\scr@dte@section@maxnumwidth=\skip53
Class scrartcl Info: using compatibility default `runin=bysign'
(scrartcl)           for `\section on input line 4723.
Class scrartcl Info: using compatibility default `afterindent=bysign'
(scrartcl)           for `\section on input line 4723.
\scr@dte@part@maxnumwidth=\skip54
Class scrartcl Info: using compatibility default `afterindent=false'
(scrartcl)           for `\part on input line 4731.
\scr@dte@subsection@maxnumwidth=\skip55
Class scrartcl Info: using compatibility default `runin=bysign'
(scrartcl)           for `\subsection on input line 4741.
Class scrartcl Info: using compatibility default `afterindent=bysign'
(scrartcl)           for `\subsection on input line 4741.
\scr@dte@subsubsection@maxnumwidth=\skip56
Class scrartcl Info: using compatibility default `runin=bysign'
(scrartcl)           for `\subsubsection on input line 4751.
Class scrartcl Info: using compatibility default `afterindent=bysign'
(scrartcl)           for `\subsubsection on input line 4751.
\scr@dte@paragraph@maxnumwidth=\skip57
Class scrartcl Info: using compatibility default `runin=bysign'
(scrartcl)           for `\paragraph on input line 4761.
Class scrartcl Info: using compatibility default `afterindent=bysign'
(scrartcl)           for `\paragraph on input line 4761.
\scr@dte@subparagraph@maxnumwidth=\skip58
Class scrartcl Info: using compatibility default `runin=bysign'
(scrartcl)           for `\subparagraph on input line 4771.
Class scrartcl Info: using compatibility default `afterindent=bysign'
(scrartcl)           for `\subparagraph on input line 4771.
\abovecaptionskip=\skip59
\belowcaptionskip=\skip60
\c@pti@nb@sid@b@x=\box46
Package tocbasic Info: omitting babel extension for `lof'
(tocbasic)             because of feature `nobabel' available
(tocbasic)             for `lof' on input line 6002.
\scr@dte@figure@maxnumwidth=\skip61
\c@figure=\count174
Package tocbasic Info: omitting babel extension for `lot'
(tocbasic)             because of feature `nobabel' available
(tocbasic)             for `lot' on input line 6014.
\scr@dte@table@maxnumwidth=\skip62
\c@table=\count175
Class scrartcl Info: Redefining `\numberline' on input line 6178.
\bibindent=\dimen134
) (/usr/share/texlive/texmf-dist/tex/generic/german/ngerman.sty v2.5e 1998-07-08
Package: ngerman 1998/07/08 v2.5e Support for writing german texts (br)
\grmnU@D=\dimen135
ngerman -- \language number for naustrian undefined, default 40 used.
) (/usr/share/texlive/texmf-dist/tex/latex/base/inputenc.sty
Package: inputenc 2018/08/11 v1.3c Input encoding file
\inpenc@prehook=\toks15
\inpenc@posthook=\toks16
) (/usr/share/texlive/texmf-dist/tex/latex/base/fontenc.sty
Package: fontenc 2020/02/11 v2.0o Standard LaTeX package
) (/usr/share/texlive/texmf-dist/tex/latex/tools/array.sty
Package: array 2019/08/31 v2.4l Tabular extension package (FMi)
\col@sep=\dimen136
\ar@mcellbox=\box47
\extrarowheight=\dimen137
\NC@list=\toks17
\extratabsurround=\skip63
\backup@length=\skip64
\ar@cellbox=\box48
) (/usr/share/texlive/texmf-dist/tex/latex/subfiles/subfiles.sty
Package: subfiles 2020/02/14 v1.6 Multi-file projects (package)
 (/usr/share/texlive/texmf-dist/tex/latex/import/import.sty
Package: import 2009/03/23  v 5.1
)) (/usr/share/texlive/texmf-dist/tex/latex/url/url.sty
\Urlmuskip=\muskip16
Package: url 2013/09/16  ver 3.4  Verb mode for urls, etc.
) (/usr/share/texlive/texmf-dist/tex/latex/hyperref/hyperref.sty
Package: hyperref 2020/01/14 v7.00d Hypertext links for LaTeX
 (/usr/share/texlive/texmf-dist/tex/generic/ltxcmds/ltxcmds.sty
Package: ltxcmds 2019/12/15 v1.24 LaTeX kernel commands for general use (HO)
) (/usr/share/texlive/texmf-dist/tex/generic/iftex/iftex.sty
Package: iftex 2019/11/07 v1.0c TeX engine tests
) (/usr/share/texlive/texmf-dist/tex/latex/pdftexcmds/pdftexcmds.sty
Package: pdftexcmds 2019/11/24 v0.31 Utility functions of pdfTeX for LuaTeX (HO)
 (/usr/share/texlive/texmf-dist/tex/generic/infwarerr/infwarerr.sty
Package: infwarerr 2019/12/03 v1.5 Providing info/warning/error messages (HO)
)
Package pdftexcmds Info: \pdf@primitive is available.
Package pdftexcmds Info: \pdf@ifprimitive is available.
Package pdftexcmds Info: \pdfdraftmode found.
) (/usr/share/texlive/texmf-dist/tex/generic/kvsetkeys/kvsetkeys.sty
Package: kvsetkeys 2019/12/15 v1.18 Key value parser (HO)
) (/usr/share/texlive/texmf-dist/tex/generic/kvdefinekeys/kvdefinekeys.sty
Package: kvdefinekeys 2019-12-19 v1.6 Define keys (HO)
) (/usr/share/texlive/texmf-dist/tex/generic/pdfescape/pdfescape.sty
Package: pdfescape 2019/12/09 v1.15 Implements pdfTeX's escape features (HO)
) (/usr/share/texlive/texmf-dist/tex/latex/hycolor/hycolor.sty
Package: hycolor 2020-01-27 v1.10 Color options for hyperref/bookmark (HO)
) (/usr/share/texlive/texmf-dist/tex/latex/letltxmacro/letltxmacro.sty
Package: letltxmacro 2019/12/03 v1.6 Let assignment for LaTeX macros (HO)
) (/usr/share/texlive/texmf-dist/tex/latex/auxhook/auxhook.sty
Package: auxhook 2019-12-17 v1.6 Hooks for auxiliary files (HO)
) (/usr/share/texlive/texmf-dist/tex/latex/kvoptions/kvoptions.sty
Package: kvoptions 2019/11/29 v3.13 Key value format for package options (HO)
)
\@linkdim=\dimen138
\Hy@linkcounter=\count176
\Hy@pagecounter=\count177
 (/usr/share/texlive/texmf-dist/tex/latex/hyperref/pd1enc.def
File: pd1enc.def 2020/01/14 v7.00d Hyperref: PDFDocEncoding definition (HO)
Now handling font encoding PD1 ...
... no UTF-8 mapping file for font encoding PD1
) (/usr/share/texlive/texmf-dist/tex/generic/intcalc/intcalc.sty
Package: intcalc 2019/12/15 v1.3 Expandable calculations with integers (HO)
) (/usr/share/texlive/texmf-dist/tex/generic/etexcmds/etexcmds.sty
Package: etexcmds 2019/12/15 v1.7 Avoid name clashes with e-TeX commands (HO)
)
\Hy@SavedSpaceFactor=\count178
\pdfmajorversion=\count179
Package hyperref Info: Hyper figures OFF on input line 4547.
Package hyperref Info: Link nesting OFF on input line 4552.
Package hyperref Info: Hyper index ON on input line 4555.
Package hyperref Info: Plain pages OFF on input line 4562.
Package hyperref Info: Backreferencing OFF on input line 4567.
Package hyperref Info: Implicit mode ON; LaTeX internals redefined.
Package hyperref Info: Bookmarks ON on input line 4800.
\c@Hy@tempcnt=\count180
LaTeX Info: Redefining \url on input line 5159.
\XeTeXLinkMargin=\dimen139
 (/usr/share/texlive/texmf-dist/tex/generic/bitset/bitset.sty
Package: bitset 2019/12/09 v1.3 Handle bit-vector datatype (HO)
 (/usr/share/texlive/texmf-dist/tex/generic/bigintcalc/bigintcalc.sty
Package: bigintcalc 2019/12/15 v1.5 Expandable calculations on big integers (HO)
))
\Fld@menulength=\count181
\Field@Width=\dimen140
\Fld@charsize=\dimen141
Package hyperref Info: Hyper figures OFF on input line 6430.
Package hyperref Info: Link nesting OFF on input line 6435.
Package hyperref Info: Hyper index ON on input line 6438.
Package hyperref Info: backreferencing OFF on input line 6445.
Package hyperref Info: Link coloring OFF on input line 6450.
Package hyperref Info: Link coloring with OCG OFF on input line 6455.
Package hyperref Info: PDF/A mode OFF on input line 6460.
LaTeX Info: Redefining \ref on input line 6500.
LaTeX Info: Redefining \pageref on input line 6504.
 (/usr/share/texlive/texmf-dist/tex/generic/atbegshi/atbegshi.sty
Package: atbegshi 2019/12/05 v1.19 At begin shipout hook (HO)
)
\Hy@abspage=\count182
\c@Item=\count183
\c@Hfootnote=\count184
)
Package hyperref Info: Driver: hpdftex.
 (/usr/share/texlive/texmf-dist/tex/latex/hyperref/hpdftex.def
File: hpdftex.def 2020/01/14 v7.00d Hyperref driver for pdfTeX
 (/usr/share/texlive/texmf-dist/tex/latex/atveryend/atveryend.sty
Package: atveryend 2019-12-11 v1.11 Hooks at the very end of document (HO)
Package atveryend Info: \enddocument detected (standard20110627).
)
\Fld@listcount=\count185
\c@bookmark@seq@number=\count186
 (/usr/share/texlive/texmf-dist/tex/latex/rerunfilecheck/rerunfilecheck.sty
Package: rerunfilecheck 2019/12/05 v1.9 Rerun checks for auxiliary files (HO)
 (/usr/share/texlive/texmf-dist/tex/generic/uniquecounter/uniquecounter.sty
Package: uniquecounter 2019/12/15 v1.4 Provide unlimited unique counter (HO)
)
Package uniquecounter Info: New unique counter `rerunfilecheck' on input line 286.
)
\Hy@SectionHShift=\skip65
))

Class scrartcl Warning: Usage of package `tocbibind' together
(scrartcl)              with a KOMA-Script class is not recommended.
(scrartcl)              I'd suggest to use options like `listof=totoc'
(scrartcl)              or `bibliography=totoc', or commands like
(scrartcl)              `\setuptoc{toc}{totoc}' instead of this package,
(scrartcl)              because it breaks several KOMA-Script features of
(scrartcl)              the list of figures, list of tables, bibliography,
(scrartcl)              index and the running head.
(scrartcl)              Nevertheless, using requested
(scrartcl)              package `tocbibind' on input line 2.

(/usr/share/texlive/texmf-dist/tex/latex/tocbibind/tocbibind.sty
Package: tocbibind 2010/10/13 v1.5k extra ToC listings
Package tocbibind Info: The document has section divisions on input line 50.


Package tocbibind Note: Using section or other style headings.

) (/usr/share/texlive/texmf-dist/tex/latex/l3backend/l3backend-pdfmode.def
File: l3backend-pdfmode.def 2020-02-03 L3 backend support: PDF mode
\l__kernel_color_stack_int=\count187
\l__pdf_internal_box=\box49
) (/home/bruno/git/Wissenschaftliches-Arbeiten/hauptarbeit.aux (/home/bruno/git/Wissenschaftliches-Arbeiten/titelseite.aux) (/home/bruno/git/Wissenschaftliches-Arbeiten/1_Einfuehrung.aux) (/home/bruno/git/Wissenschaftliches-Arbeiten/2_Ziele.aux) (/home/bruno/git/Wissenschaftliches-Arbeiten/3_Stand_der_Forschung.aux) (/home/bruno/git/Wissenschaftliches-Arbeiten/4_Technick.aux) (/home/bruno/git/Wissenschaftliches-Arbeiten/5_Forschungsplan.aux) (/home/bruno/git/Wissenschaftliches-Arbeiten/6_Relevanz.aux))
\openout1 = `hauptarbeit.aux'.

LaTeX Font Info:    Checking defaults for OML/cmm/m/it on input line 2.
LaTeX Font Info:    ... okay on input line 2.
LaTeX Font Info:    Checking defaults for OMS/cmsy/m/n on input line 2.
LaTeX Font Info:    ... okay on input line 2.
LaTeX Font Info:    Checking defaults for OT1/cmr/m/n on input line 2.
LaTeX Font Info:    ... okay on input line 2.
LaTeX Font Info:    Checking defaults for T1/cmr/m/n on input line 2.
LaTeX Font Info:    ... okay on input line 2.
LaTeX Font Info:    Checking defaults for TS1/cmr/m/n on input line 2.
LaTeX Font Info:    ... okay on input line 2.
LaTeX Font Info:    Checking defaults for OMX/cmex/m/n on input line 2.
LaTeX Font Info:    ... okay on input line 2.
LaTeX Font Info:    Checking defaults for U/cmr/m/n on input line 2.
LaTeX Font Info:    ... okay on input line 2.
LaTeX Font Info:    Checking defaults for PD1/pdf/m/n on input line 2.
LaTeX Font Info:    ... okay on input line 2.
Package tocbasic Info: usage of `tocbibind' detected on input line 2.
\AtBeginShipoutBox=\box50
Package hyperref Info: Link coloring OFF on input line 2.
 (/usr/share/texlive/texmf-dist/tex/latex/hyperref/nameref.sty
Package: nameref 2019/09/16 v2.46 Cross-referencing by name of section
 (/usr/share/texlive/texmf-dist/tex/latex/refcount/refcount.sty
Package: refcount 2019/12/15 v3.6 Data extraction from label references (HO)
) (/usr/share/texlive/texmf-dist/tex/generic/gettitlestring/gettitlestring.sty
Package: gettitlestring 2019/12/15 v1.6 Cleanup title references (HO)
)
\c@section@level=\count188
)
LaTeX Info: Redefining \ref on input line 2.
LaTeX Info: Redefining \pageref on input line 2.
LaTeX Info: Redefining \nameref on input line 2.
 (/home/bruno/git/Wissenschaftliches-Arbeiten/hauptarbeit.out) (/home/bruno/git/Wissenschaftliches-Arbeiten/hauptarbeit.out)
\@outlinefile=\write3
\openout3 = `hauptarbeit.out'.

Class scrartcl Info: loading recommended package `bookmark'.
(scrartcl)           Using `bookmark' together with `hyperref' is recommended,
(scrartcl)           because of handling of possible bookmark level gaps.
(scrartcl)           You can avoid loading `bookmark' with KOMA-Script option
(scrartcl)           `bookmarkpackage=false' before \begin{document} and
(scrartcl)           you can avoid this message adding:
(scrartcl)             \usepackage{bookmark}
(scrartcl)           before \begin{document} on input line 2.
 (/usr/share/texlive/texmf-dist/tex/latex/bookmark/bookmark.sty
Package: bookmark 2019/12/03 v1.28 PDF bookmarks (HO)
 (/usr/share/texlive/texmf-dist/tex/latex/bookmark/bkm-pdftex.def
File: bkm-pdftex.def 2019/12/03 v1.28 bookmark driver for pdfTeX (HO)
Package auxhook Info: \AddLineBeginMainAux comes a little late,
(auxhook)             because the main .aux file is already opened on input line 168.
\BKM@id=\count189
))
\openout2 = `titelseite.aux'.

 (/home/bruno/git/Wissenschaftliches-Arbeiten/titelseite.tex
LaTeX Font Info:    External font `cmex10' loaded for size
(Font)              <10.95> on input line 13.
LaTeX Font Info:    External font `cmex10' loaded for size
(Font)              <8> on input line 13.
LaTeX Font Info:    External font `cmex10' loaded for size
(Font)              <6> on input line 13.
 [1


{/var/lib/texmf/fonts/map/pdftex/updmap/pdftex.map}])
LaTeX Font Info:    Trying to load font information for T1+cmss on input line 4.
 (/usr/share/texlive/texmf-dist/tex/latex/base/t1cmss.fd
File: t1cmss.fd 2019/12/16 v2.5j Standard LaTeX font definitions
) (/home/bruno/git/Wissenschaftliches-Arbeiten/hauptarbeit.toc)
\tf@toc=\write4
\openout4 = `hauptarbeit.toc'.

 [2

]
\openout2 = `1_Einfuehrung.aux'.

 (/home/bruno/git/Wissenschaftliches-Arbeiten/1_Einfuehrung.tex) [3

]
\openout2 = `2_Ziele.aux'.

 (/home/bruno/git/Wissenschaftliches-Arbeiten/2_Ziele.tex) [4


]
\openout2 = `3_Stand_der_Forschung.aux'.

 (/home/bruno/git/Wissenschaftliches-Arbeiten/3_Stand_der_Forschung.tex) [5


]
\openout2 = `4_Technick.aux'.

 (/home/bruno/git/Wissenschaftliches-Arbeiten/4_Technick.tex) [6


]
\openout2 = `5_Forschungsplan.aux'.

 (/home/bruno/git/Wissenschaftliches-Arbeiten/5_Forschungsplan.tex) [7


]
\openout2 = `6_Relevanz.aux'.

 (/home/bruno/git/Wissenschaftliches-Arbeiten/6_Relevanz.tex) [8


] (/home/bruno/git/Wissenschaftliches-Arbeiten/hauptarbeit.bbl
LaTeX Font Info:    Trying to load font information for T1+cmtt on input line 18.
 (/usr/share/texlive/texmf-dist/tex/latex/base/t1cmtt.fd
File: t1cmtt.fd 2019/12/16 v2.5j Standard LaTeX font definitions
)
Underfull \hbox (badness 10000) in paragraph at lines 30--38
[]$\T1/cmtt/m/n/10.95 https : / / www . researchgate . net / publication / 335500971 _ Integrated _ Point _ of _
 []


Underfull \hbox (badness 10000) in paragraph at lines 30--38
\T1/cmtt/m/n/10.95 Sales _ and _ Snack _ Vending _ Machine _ based _ on _ Internet _ of _ Things _ for _ Self _
 []


Underfull \hbox (badness 3482) in paragraph at lines 70--75
[]\T1/cmr/m/n/10.95 Jadhav, S., Pa-war, N., Kha-ra-de, N., and Len-ga-re, P. S.
 []


Underfull \hbox (badness 2781) in paragraph at lines 70--75
\T1/cmr/m/n/10.95 (2018).  Au-to-ma-tic ven-ding ma-chi-ne.  \T1/cmr/m/it/10.95 In-ter-na-tio-nal Jour-nal of In-no-va-ti-ve
 []

[9

])
Package atveryend Info: Empty hook `BeforeClearDocument' on input line 20.
 [10]
Package atveryend Info: Empty hook `AfterLastShipout' on input line 20.
 (/home/bruno/git/Wissenschaftliches-Arbeiten/hauptarbeit.aux (/home/bruno/git/Wissenschaftliches-Arbeiten/titelseite.aux) (/home/bruno/git/Wissenschaftliches-Arbeiten/1_Einfuehrung.aux) (/home/bruno/git/Wissenschaftliches-Arbeiten/2_Ziele.aux) (/home/bruno/git/Wissenschaftliches-Arbeiten/3_Stand_der_Forschung.aux) (/home/bruno/git/Wissenschaftliches-Arbeiten/4_Technick.aux) (/home/bruno/git/Wissenschaftliches-Arbeiten/5_Forschungsplan.aux) (/home/bruno/git/Wissenschaftliches-Arbeiten/6_Relevanz.aux))
Package atveryend Info: Executing hook `AtVeryEndDocument' on input line 20.
Package atveryend Info: Executing hook `AtEndAfterFileList' on input line 20.
Package rerunfilecheck Info: File `hauptarbeit.out' has not changed.
(rerunfilecheck)             Checksum: D41D8CD98F00B204E9800998ECF8427E;0.
Package atveryend Info: Empty hook `AtVeryVeryEnd' on input line 20.
 ) 
Here is how much of TeX's memory you used:
 8009 strings out of 481239
 145762 string characters out of 5920376
 517933 words of memory out of 5000000
 23079 multiletter control sequences out of 15000+600000
 541829 words of font info for 43 fonts, out of 8000000 for 9000
 1141 hyphenation exceptions out of 8191
 48i,7n,63p,10185b,457s stack positions out of 5000i,500n,10000p,200000b,80000s
{/usr/share/texmf/fonts/enc/dvips/cm-super/cm-super-t1.enc}{/usr/share/texmf/fonts/enc/dvips/cm-super/cm-super-ts1.enc}</usr/share/texmf/fonts/type1/public/cm-super/sfbx1095.pfb></usr/share/texmf/fonts/type1/public/cm-super/sfrm1095.pfb></usr/share/texmf/fonts/type1/public/cm-super/sfrm2488.pfb></usr/share/texmf/fonts/type1/public/cm-super/sfsx1095.pfb></usr/share/texmf/fonts/type1/public/cm-super/sfsx1440.pfb></usr/share/texmf/fonts/type1/public/cm-super/sfti1095.pfb></usr/share/texmf/fonts/type1/public/cm-super/sftt1095.pfb>
Output written on /home/bruno/git/Wissenschaftliches-Arbeiten/hauptarbeit.pdf (10 pages, 195126 bytes).
PDF statistics:
 173 PDF objects out of 1000 (max. 8388607)
 152 compressed objects within 2 object streams
 41 named destinations out of 1000 (max. 500000)
 57 words of extra memory for PDF output out of 10000 (max. 10000000)

